13.01.2024 - 14:23:04 - [TAB v4.0.3] Player placeholder %animation:ping-tps% generated an error when setting for player JoanArrow
13.01.2024 - 14:23:04 - java.lang.ArrayIndexOutOfBoundsException: Index -1 out of bounds for length 2
13.01.2024 - 14:23:04 - 	at TAB.v4.0.3 (4).jar//me.neznamy.tab.shared.placeholders.Animation.getMessage(Animation.java:90)
13.01.2024 - 14:23:04 - 	at TAB.v4.0.3 (4).jar//me.neznamy.tab.shared.placeholders.UniversalPlaceholderRegistry.lambda$registerPlaceholders$28(UniversalPlaceholderRegistry.java:73)
13.01.2024 - 14:23:04 - 	at TAB.v4.0.3 (4).jar//me.neznamy.tab.shared.placeholders.PlayerPlaceholderImpl.request(PlayerPlaceholderImpl.java:138)
13.01.2024 - 14:23:04 - 	at TAB.v4.0.3 (4).jar//me.neznamy.tab.shared.placeholders.PlayerPlaceholderImpl.update(PlayerPlaceholderImpl.java:57)
13.01.2024 - 14:23:04 - 	at TAB.v4.0.3 (4).jar//me.neznamy.tab.shared.features.PlaceholderManagerImpl.onJoin(PlaceholderManagerImpl.java:223)
13.01.2024 - 14:23:04 - 	at TAB.v4.0.3 (4).jar//me.neznamy.tab.shared.FeatureManager.onJoin(FeatureManager.java:135)
13.01.2024 - 14:23:04 - 	at TAB.v4.0.3 (4).jar//me.neznamy.tab.shared.platform.EventListener.lambda$join$0(EventListener.java:25)
13.01.2024 - 14:23:04 - 	at TAB.v4.0.3 (4).jar//me.neznamy.tab.shared.CpuManager.run(CpuManager.java:252)
13.01.2024 - 14:23:04 - 	at TAB.v4.0.3 (4).jar//me.neznamy.tab.shared.CpuManager.lambda$submit$1(CpuManager.java:105)
13.01.2024 - 14:23:04 - 	at java.base/java.util.concurrent.Executors$RunnableAdapter.call(Executors.java:539)
13.01.2024 - 14:23:04 - 	at java.base/java.util.concurrent.FutureTask.run(FutureTask.java:264)
13.01.2024 - 14:23:04 - 	at java.base/java.util.concurrent.ScheduledThreadPoolExecutor$ScheduledFutureTask.run(ScheduledThreadPoolExecutor.java:304)
13.01.2024 - 14:23:04 - 	at java.base/java.util.concurrent.ThreadPoolExecutor.runWorker(ThreadPoolExecutor.java:1136)
13.01.2024 - 14:23:04 - 	at java.base/java.util.concurrent.ThreadPoolExecutor$Worker.run(ThreadPoolExecutor.java:635)
13.01.2024 - 14:23:04 - 	at java.base/java.lang.Thread.run(Thread.java:840)
13.01.2024 - 14:23:04 - [TAB v4.0.3] Player placeholder %animation:ping-tps% generated an error when setting for player JoanArrow
13.01.2024 - 14:23:04 - java.lang.ArrayIndexOutOfBoundsException: Index -1 out of bounds for length 2
13.01.2024 - 14:23:04 - 	at TAB.v4.0.3 (4).jar//me.neznamy.tab.shared.placeholders.Animation.getMessage(Animation.java:90)
13.01.2024 - 14:23:04 - 	at TAB.v4.0.3 (4).jar//me.neznamy.tab.shared.placeholders.UniversalPlaceholderRegistry.lambda$registerPlaceholders$28(UniversalPlaceholderRegistry.java:73)
13.01.2024 - 14:23:04 - 	at TAB.v4.0.3 (4).jar//me.neznamy.tab.shared.placeholders.PlayerPlaceholderImpl.request(PlayerPlaceholderImpl.java:138)
13.01.2024 - 14:23:04 - 	at TAB.v4.0.3 (4).jar//me.neznamy.tab.shared.placeholders.PlayerPlaceholderImpl.updateFromNested(PlayerPlaceholderImpl.java:115)
13.01.2024 - 14:23:04 - 	at TAB.v4.0.3 (4).jar//me.neznamy.tab.shared.placeholders.TabPlaceholder.lambda$updateParents$1(TabPlaceholder.java:150)
13.01.2024 - 14:23:04 - 	at java.base/java.util.stream.ForEachOps$ForEachOp$OfRef.accept(ForEachOps.java:183)
13.01.2024 - 14:23:04 - 	at java.base/java.util.stream.ReferencePipeline$3$1.accept(ReferencePipeline.java:197)
13.01.2024 - 14:23:04 - 	at java.base/java.util.ArrayList$ArrayListSpliterator.forEachRemaining(ArrayList.java:1625)
13.01.2024 - 14:23:04 - 	at java.base/java.util.stream.AbstractPipeline.copyInto(AbstractPipeline.java:509)
13.01.2024 - 14:23:04 - 	at java.base/java.util.stream.AbstractPipeline.wrapAndCopyInto(AbstractPipeline.java:499)
13.01.2024 - 14:23:04 - 	at java.base/java.util.stream.ForEachOps$ForEachOp.evaluateSequential(ForEachOps.java:150)
13.01.2024 - 14:23:04 - 	at java.base/java.util.stream.ForEachOps$ForEachOp$OfRef.evaluateSequential(ForEachOps.java:173)
13.01.2024 - 14:23:04 - 	at java.base/java.util.stream.AbstractPipeline.evaluate(AbstractPipeline.java:234)
13.01.2024 - 14:23:04 - 	at java.base/java.util.stream.ReferencePipeline.forEach(ReferencePipeline.java:596)
13.01.2024 - 14:23:04 - 	at TAB.v4.0.3 (4).jar//me.neznamy.tab.shared.placeholders.TabPlaceholder.updateParents(TabPlaceholder.java:150)
13.01.2024 - 14:23:04 - 	at TAB.v4.0.3 (4).jar//me.neznamy.tab.shared.placeholders.PlayerPlaceholderImpl.update(PlayerPlaceholderImpl.java:68)
13.01.2024 - 14:23:04 - 	at TAB.v4.0.3 (4).jar//me.neznamy.tab.shared.placeholders.PlayerPlaceholderImpl.getLastValue(PlayerPlaceholderImpl.java:122)
13.01.2024 - 14:23:04 - 	at TAB.v4.0.3 (4).jar//me.neznamy.tab.shared.placeholders.TabPlaceholder.set(TabPlaceholder.java:77)
13.01.2024 - 14:23:04 - 	at TAB.v4.0.3 (4).jar//me.neznamy.tab.shared.placeholders.TabPlaceholder.setPlaceholders(TabPlaceholder.java:125)
13.01.2024 - 14:23:04 - 	at TAB.v4.0.3 (4).jar//me.neznamy.tab.shared.placeholders.PlayerPlaceholderImpl.update(PlayerPlaceholderImpl.java:60)
13.01.2024 - 14:23:04 - 	at TAB.v4.0.3 (4).jar//me.neznamy.tab.shared.features.PlaceholderManagerImpl.onJoin(PlaceholderManagerImpl.java:223)
13.01.2024 - 14:23:04 - 	at TAB.v4.0.3 (4).jar//me.neznamy.tab.shared.FeatureManager.onJoin(FeatureManager.java:135)
13.01.2024 - 14:23:04 - 	at TAB.v4.0.3 (4).jar//me.neznamy.tab.shared.platform.EventListener.lambda$join$0(EventListener.java:25)
13.01.2024 - 14:23:04 - 	at TAB.v4.0.3 (4).jar//me.neznamy.tab.shared.CpuManager.run(CpuManager.java:252)
13.01.2024 - 14:23:04 - 	at TAB.v4.0.3 (4).jar//me.neznamy.tab.shared.CpuManager.lambda$submit$1(CpuManager.java:105)
13.01.2024 - 14:23:04 - 	at java.base/java.util.concurrent.Executors$RunnableAdapter.call(Executors.java:539)
13.01.2024 - 14:23:04 - 	at java.base/java.util.concurrent.FutureTask.run(FutureTask.java:264)
13.01.2024 - 14:23:04 - 	at java.base/java.util.concurrent.ScheduledThreadPoolExecutor$ScheduledFutureTask.run(ScheduledThreadPoolExecutor.java:304)
13.01.2024 - 14:23:04 - 	at java.base/java.util.concurrent.ThreadPoolExecutor.runWorker(ThreadPoolExecutor.java:1136)
13.01.2024 - 14:23:04 - 	at java.base/java.util.concurrent.ThreadPoolExecutor$Worker.run(ThreadPoolExecutor.java:635)
13.01.2024 - 14:23:04 - 	at java.base/java.lang.Thread.run(Thread.java:840)
13.01.2024 - 14:23:04 - [TAB v4.0.3] Player placeholder %animation:time% generated an error when setting for player JoanArrow
13.01.2024 - 14:23:04 - java.lang.ArrayIndexOutOfBoundsException: Index -3 out of bounds for length 8
13.01.2024 - 14:23:04 - 	at TAB.v4.0.3 (4).jar//me.neznamy.tab.shared.placeholders.Animation.getMessage(Animation.java:90)
13.01.2024 - 14:23:04 - 	at TAB.v4.0.3 (4).jar//me.neznamy.tab.shared.placeholders.UniversalPlaceholderRegistry.lambda$registerPlaceholders$28(UniversalPlaceholderRegistry.java:73)
13.01.2024 - 14:23:04 - 	at TAB.v4.0.3 (4).jar//me.neznamy.tab.shared.placeholders.PlayerPlaceholderImpl.request(PlayerPlaceholderImpl.java:138)
13.01.2024 - 14:23:04 - 	at TAB.v4.0.3 (4).jar//me.neznamy.tab.shared.placeholders.PlayerPlaceholderImpl.update(PlayerPlaceholderImpl.java:57)
13.01.2024 - 14:23:04 - 	at TAB.v4.0.3 (4).jar//me.neznamy.tab.shared.features.PlaceholderManagerImpl.onJoin(PlaceholderManagerImpl.java:223)
13.01.2024 - 14:23:04 - 	at TAB.v4.0.3 (4).jar//me.neznamy.tab.shared.FeatureManager.onJoin(FeatureManager.java:135)
13.01.2024 - 14:23:04 - 	at TAB.v4.0.3 (4).jar//me.neznamy.tab.shared.platform.EventListener.lambda$join$0(EventListener.java:25)
13.01.2024 - 14:23:04 - 	at TAB.v4.0.3 (4).jar//me.neznamy.tab.shared.CpuManager.run(CpuManager.java:252)
13.01.2024 - 14:23:04 - 	at TAB.v4.0.3 (4).jar//me.neznamy.tab.shared.CpuManager.lambda$submit$1(CpuManager.java:105)
13.01.2024 - 14:23:04 - 	at java.base/java.util.concurrent.Executors$RunnableAdapter.call(Executors.java:539)
13.01.2024 - 14:23:04 - 	at java.base/java.util.concurrent.FutureTask.run(FutureTask.java:264)
13.01.2024 - 14:23:04 - 	at java.base/java.util.concurrent.ScheduledThreadPoolExecutor$ScheduledFutureTask.run(ScheduledThreadPoolExecutor.java:304)
13.01.2024 - 14:23:04 - 	at java.base/java.util.concurrent.ThreadPoolExecutor.runWorker(ThreadPoolExecutor.java:1136)
13.01.2024 - 14:23:04 - 	at java.base/java.util.concurrent.ThreadPoolExecutor$Worker.run(ThreadPoolExecutor.java:635)
13.01.2024 - 14:23:04 - 	at java.base/java.lang.Thread.run(Thread.java:840)
13.01.2024 - 22:06:23 - [TAB v4.0.3] Player placeholder %animation:time% generated an error when setting for player Stoiky
13.01.2024 - 22:06:23 - java.lang.ArrayIndexOutOfBoundsException: Index -4 out of bounds for length 8
13.01.2024 - 22:06:23 - 	at TAB.v4.0.3 (4).jar//me.neznamy.tab.shared.placeholders.Animation.getMessage(Animation.java:90)
13.01.2024 - 22:06:23 - 	at TAB.v4.0.3 (4).jar//me.neznamy.tab.shared.placeholders.UniversalPlaceholderRegistry.lambda$registerPlaceholders$28(UniversalPlaceholderRegistry.java:73)
13.01.2024 - 22:06:23 - 	at TAB.v4.0.3 (4).jar//me.neznamy.tab.shared.placeholders.PlayerPlaceholderImpl.request(PlayerPlaceholderImpl.java:138)
13.01.2024 - 22:06:23 - 	at TAB.v4.0.3 (4).jar//me.neznamy.tab.shared.placeholders.PlayerPlaceholderImpl.update(PlayerPlaceholderImpl.java:57)
13.01.2024 - 22:06:23 - 	at TAB.v4.0.3 (4).jar//me.neznamy.tab.shared.features.PlaceholderManagerImpl.onJoin(PlaceholderManagerImpl.java:223)
13.01.2024 - 22:06:23 - 	at TAB.v4.0.3 (4).jar//me.neznamy.tab.shared.FeatureManager.onJoin(FeatureManager.java:135)
13.01.2024 - 22:06:23 - 	at TAB.v4.0.3 (4).jar//me.neznamy.tab.shared.platform.EventListener.lambda$join$0(EventListener.java:25)
13.01.2024 - 22:06:23 - 	at TAB.v4.0.3 (4).jar//me.neznamy.tab.shared.CpuManager.run(CpuManager.java:252)
13.01.2024 - 22:06:23 - 	at TAB.v4.0.3 (4).jar//me.neznamy.tab.shared.CpuManager.lambda$submit$1(CpuManager.java:105)
13.01.2024 - 22:06:23 - 	at java.base/java.util.concurrent.Executors$RunnableAdapter.call(Executors.java:539)
13.01.2024 - 22:06:23 - 	at java.base/java.util.concurrent.FutureTask.run(FutureTask.java:264)
13.01.2024 - 22:06:23 - 	at java.base/java.util.concurrent.ScheduledThreadPoolExecutor$ScheduledFutureTask.run(ScheduledThreadPoolExecutor.java:304)
13.01.2024 - 22:06:23 - 	at java.base/java.util.concurrent.ThreadPoolExecutor.runWorker(ThreadPoolExecutor.java:1136)
13.01.2024 - 22:06:23 - 	at java.base/java.util.concurrent.ThreadPoolExecutor$Worker.run(ThreadPoolExecutor.java:635)
13.01.2024 - 22:06:23 - 	at java.base/java.lang.Thread.run(Thread.java:840)
14.01.2024 - 06:18:37 - [TAB v4.0.3] Player placeholder %animation:ping-tps% generated an error when setting for player GwynnBleidd84
14.01.2024 - 06:18:37 - java.lang.ArrayIndexOutOfBoundsException: Index -1 out of bounds for length 2
14.01.2024 - 06:18:37 - 	at TAB.v4.0.3 (4).jar//me.neznamy.tab.shared.placeholders.Animation.getMessage(Animation.java:90)
14.01.2024 - 06:18:37 - 	at TAB.v4.0.3 (4).jar//me.neznamy.tab.shared.placeholders.UniversalPlaceholderRegistry.lambda$registerPlaceholders$28(UniversalPlaceholderRegistry.java:73)
14.01.2024 - 06:18:37 - 	at TAB.v4.0.3 (4).jar//me.neznamy.tab.shared.placeholders.PlayerPlaceholderImpl.request(PlayerPlaceholderImpl.java:138)
14.01.2024 - 06:18:37 - 	at TAB.v4.0.3 (4).jar//me.neznamy.tab.shared.placeholders.PlayerPlaceholderImpl.update(PlayerPlaceholderImpl.java:57)
14.01.2024 - 06:18:37 - 	at TAB.v4.0.3 (4).jar//me.neznamy.tab.shared.features.PlaceholderManagerImpl.onJoin(PlaceholderManagerImpl.java:223)
14.01.2024 - 06:18:37 - 	at TAB.v4.0.3 (4).jar//me.neznamy.tab.shared.FeatureManager.onJoin(FeatureManager.java:135)
14.01.2024 - 06:18:37 - 	at TAB.v4.0.3 (4).jar//me.neznamy.tab.shared.platform.EventListener.lambda$join$0(EventListener.java:25)
14.01.2024 - 06:18:37 - 	at TAB.v4.0.3 (4).jar//me.neznamy.tab.shared.CpuManager.run(CpuManager.java:252)
14.01.2024 - 06:18:37 - 	at TAB.v4.0.3 (4).jar//me.neznamy.tab.shared.CpuManager.lambda$submit$1(CpuManager.java:105)
14.01.2024 - 06:18:37 - 	at java.base/java.util.concurrent.Executors$RunnableAdapter.call(Executors.java:539)
14.01.2024 - 06:18:37 - 	at java.base/java.util.concurrent.FutureTask.run(FutureTask.java:264)
14.01.2024 - 06:18:37 - 	at java.base/java.util.concurrent.ScheduledThreadPoolExecutor$ScheduledFutureTask.run(ScheduledThreadPoolExecutor.java:304)
14.01.2024 - 06:18:37 - 	at java.base/java.util.concurrent.ThreadPoolExecutor.runWorker(ThreadPoolExecutor.java:1136)
14.01.2024 - 06:18:37 - 	at java.base/java.util.concurrent.ThreadPoolExecutor$Worker.run(ThreadPoolExecutor.java:635)
14.01.2024 - 06:18:37 - 	at java.base/java.lang.Thread.run(Thread.java:840)
14.01.2024 - 06:18:37 - [TAB v4.0.3] Player placeholder %animation:ping-tps% generated an error when setting for player GwynnBleidd84
14.01.2024 - 06:18:37 - java.lang.ArrayIndexOutOfBoundsException: Index -1 out of bounds for length 2
14.01.2024 - 06:18:37 - 	at TAB.v4.0.3 (4).jar//me.neznamy.tab.shared.placeholders.Animation.getMessage(Animation.java:90)
14.01.2024 - 06:18:37 - 	at TAB.v4.0.3 (4).jar//me.neznamy.tab.shared.placeholders.UniversalPlaceholderRegistry.lambda$registerPlaceholders$28(UniversalPlaceholderRegistry.java:73)
14.01.2024 - 06:18:37 - 	at TAB.v4.0.3 (4).jar//me.neznamy.tab.shared.placeholders.PlayerPlaceholderImpl.request(PlayerPlaceholderImpl.java:138)
14.01.2024 - 06:18:37 - 	at TAB.v4.0.3 (4).jar//me.neznamy.tab.shared.placeholders.PlayerPlaceholderImpl.updateFromNested(PlayerPlaceholderImpl.java:115)
14.01.2024 - 06:18:37 - 	at TAB.v4.0.3 (4).jar//me.neznamy.tab.shared.placeholders.TabPlaceholder.lambda$updateParents$1(TabPlaceholder.java:150)
14.01.2024 - 06:18:37 - 	at java.base/java.util.stream.ForEachOps$ForEachOp$OfRef.accept(ForEachOps.java:183)
14.01.2024 - 06:18:37 - 	at java.base/java.util.stream.ReferencePipeline$3$1.accept(ReferencePipeline.java:197)
14.01.2024 - 06:18:37 - 	at java.base/java.util.ArrayList$ArrayListSpliterator.forEachRemaining(ArrayList.java:1625)
14.01.2024 - 06:18:37 - 	at java.base/java.util.stream.AbstractPipeline.copyInto(AbstractPipeline.java:509)
14.01.2024 - 06:18:37 - 	at java.base/java.util.stream.AbstractPipeline.wrapAndCopyInto(AbstractPipeline.java:499)
14.01.2024 - 06:18:37 - 	at java.base/java.util.stream.ForEachOps$ForEachOp.evaluateSequential(ForEachOps.java:150)
14.01.2024 - 06:18:37 - 	at java.base/java.util.stream.ForEachOps$ForEachOp$OfRef.evaluateSequential(ForEachOps.java:173)
14.01.2024 - 06:18:37 - 	at java.base/java.util.stream.AbstractPipeline.evaluate(AbstractPipeline.java:234)
14.01.2024 - 06:18:37 - 	at java.base/java.util.stream.ReferencePipeline.forEach(ReferencePipeline.java:596)
14.01.2024 - 06:18:37 - 	at TAB.v4.0.3 (4).jar//me.neznamy.tab.shared.placeholders.TabPlaceholder.updateParents(TabPlaceholder.java:150)
14.01.2024 - 06:18:37 - 	at TAB.v4.0.3 (4).jar//me.neznamy.tab.shared.placeholders.PlayerPlaceholderImpl.update(PlayerPlaceholderImpl.java:68)
14.01.2024 - 06:18:37 - 	at TAB.v4.0.3 (4).jar//me.neznamy.tab.shared.placeholders.PlayerPlaceholderImpl.getLastValue(PlayerPlaceholderImpl.java:122)
14.01.2024 - 06:18:37 - 	at TAB.v4.0.3 (4).jar//me.neznamy.tab.shared.placeholders.TabPlaceholder.set(TabPlaceholder.java:77)
14.01.2024 - 06:18:37 - 	at TAB.v4.0.3 (4).jar//me.neznamy.tab.shared.placeholders.TabPlaceholder.setPlaceholders(TabPlaceholder.java:125)
14.01.2024 - 06:18:37 - 	at TAB.v4.0.3 (4).jar//me.neznamy.tab.shared.placeholders.PlayerPlaceholderImpl.update(PlayerPlaceholderImpl.java:60)
14.01.2024 - 06:18:37 - 	at TAB.v4.0.3 (4).jar//me.neznamy.tab.shared.features.PlaceholderManagerImpl.onJoin(PlaceholderManagerImpl.java:223)
14.01.2024 - 06:18:37 - 	at TAB.v4.0.3 (4).jar//me.neznamy.tab.shared.FeatureManager.onJoin(FeatureManager.java:135)
14.01.2024 - 06:18:37 - 	at TAB.v4.0.3 (4).jar//me.neznamy.tab.shared.platform.EventListener.lambda$join$0(EventListener.java:25)
14.01.2024 - 06:18:37 - 	at TAB.v4.0.3 (4).jar//me.neznamy.tab.shared.CpuManager.run(CpuManager.java:252)
14.01.2024 - 06:18:37 - 	at TAB.v4.0.3 (4).jar//me.neznamy.tab.shared.CpuManager.lambda$submit$1(CpuManager.java:105)
14.01.2024 - 06:18:37 - 	at java.base/java.util.concurrent.Executors$RunnableAdapter.call(Executors.java:539)
14.01.2024 - 06:18:37 - 	at java.base/java.util.concurrent.FutureTask.run(FutureTask.java:264)
14.01.2024 - 06:18:37 - 	at java.base/java.util.concurrent.ScheduledThreadPoolExecutor$ScheduledFutureTask.run(ScheduledThreadPoolExecutor.java:304)
14.01.2024 - 06:18:37 - 	at java.base/java.util.concurrent.ThreadPoolExecutor.runWorker(ThreadPoolExecutor.java:1136)
14.01.2024 - 06:18:37 - 	at java.base/java.util.concurrent.ThreadPoolExecutor$Worker.run(ThreadPoolExecutor.java:635)
14.01.2024 - 06:18:37 - 	at java.base/java.lang.Thread.run(Thread.java:840)
14.01.2024 - 06:18:37 - [TAB v4.0.3] Player placeholder %animation:time% generated an error when setting for player GwynnBleidd84
14.01.2024 - 06:18:37 - java.lang.ArrayIndexOutOfBoundsException: Index -4 out of bounds for length 8
14.01.2024 - 06:18:37 - 	at TAB.v4.0.3 (4).jar//me.neznamy.tab.shared.placeholders.Animation.getMessage(Animation.java:90)
14.01.2024 - 06:18:37 - 	at TAB.v4.0.3 (4).jar//me.neznamy.tab.shared.placeholders.UniversalPlaceholderRegistry.lambda$registerPlaceholders$28(UniversalPlaceholderRegistry.java:73)
14.01.2024 - 06:18:37 - 	at TAB.v4.0.3 (4).jar//me.neznamy.tab.shared.placeholders.PlayerPlaceholderImpl.request(PlayerPlaceholderImpl.java:138)
14.01.2024 - 06:18:37 - 	at TAB.v4.0.3 (4).jar//me.neznamy.tab.shared.placeholders.PlayerPlaceholderImpl.update(PlayerPlaceholderImpl.java:57)
14.01.2024 - 06:18:37 - 	at TAB.v4.0.3 (4).jar//me.neznamy.tab.shared.features.PlaceholderManagerImpl.onJoin(PlaceholderManagerImpl.java:223)
14.01.2024 - 06:18:37 - 	at TAB.v4.0.3 (4).jar//me.neznamy.tab.shared.FeatureManager.onJoin(FeatureManager.java:135)
14.01.2024 - 06:18:37 - 	at TAB.v4.0.3 (4).jar//me.neznamy.tab.shared.platform.EventListener.lambda$join$0(EventListener.java:25)
14.01.2024 - 06:18:37 - 	at TAB.v4.0.3 (4).jar//me.neznamy.tab.shared.CpuManager.run(CpuManager.java:252)
14.01.2024 - 06:18:37 - 	at TAB.v4.0.3 (4).jar//me.neznamy.tab.shared.CpuManager.lambda$submit$1(CpuManager.java:105)
14.01.2024 - 06:18:37 - 	at java.base/java.util.concurrent.Executors$RunnableAdapter.call(Executors.java:539)
14.01.2024 - 06:18:37 - 	at java.base/java.util.concurrent.FutureTask.run(FutureTask.java:264)
14.01.2024 - 06:18:37 - 	at java.base/java.util.concurrent.ScheduledThreadPoolExecutor$ScheduledFutureTask.run(ScheduledThreadPoolExecutor.java:304)
14.01.2024 - 06:18:37 - 	at java.base/java.util.concurrent.ThreadPoolExecutor.runWorker(ThreadPoolExecutor.java:1136)
14.01.2024 - 06:18:37 - 	at java.base/java.util.concurrent.ThreadPoolExecutor$Worker.run(ThreadPoolExecutor.java:635)
14.01.2024 - 06:18:37 - 	at java.base/java.lang.Thread.run(Thread.java:840)
14.01.2024 - 06:58:51 - [TAB v4.0.3] Player placeholder %animation:time% generated an error when setting for player ElvisMC_YT15
14.01.2024 - 06:58:51 - java.lang.ArrayIndexOutOfBoundsException: Index -2 out of bounds for length 8
14.01.2024 - 06:58:51 - 	at TAB.v4.0.3 (4).jar//me.neznamy.tab.shared.placeholders.Animation.getMessage(Animation.java:90)
14.01.2024 - 06:58:51 - 	at TAB.v4.0.3 (4).jar//me.neznamy.tab.shared.placeholders.UniversalPlaceholderRegistry.lambda$registerPlaceholders$28(UniversalPlaceholderRegistry.java:73)
14.01.2024 - 06:58:51 - 	at TAB.v4.0.3 (4).jar//me.neznamy.tab.shared.placeholders.PlayerPlaceholderImpl.request(PlayerPlaceholderImpl.java:138)
14.01.2024 - 06:58:51 - 	at TAB.v4.0.3 (4).jar//me.neznamy.tab.shared.placeholders.PlayerPlaceholderImpl.update(PlayerPlaceholderImpl.java:57)
14.01.2024 - 06:58:51 - 	at TAB.v4.0.3 (4).jar//me.neznamy.tab.shared.features.PlaceholderManagerImpl.onJoin(PlaceholderManagerImpl.java:223)
14.01.2024 - 06:58:51 - 	at TAB.v4.0.3 (4).jar//me.neznamy.tab.shared.FeatureManager.onJoin(FeatureManager.java:135)
14.01.2024 - 06:58:51 - 	at TAB.v4.0.3 (4).jar//me.neznamy.tab.shared.platform.EventListener.lambda$join$0(EventListener.java:25)
14.01.2024 - 06:58:51 - 	at TAB.v4.0.3 (4).jar//me.neznamy.tab.shared.CpuManager.run(CpuManager.java:252)
14.01.2024 - 06:58:51 - 	at TAB.v4.0.3 (4).jar//me.neznamy.tab.shared.CpuManager.lambda$submit$1(CpuManager.java:105)
14.01.2024 - 06:58:51 - 	at java.base/java.util.concurrent.Executors$RunnableAdapter.call(Executors.java:539)
14.01.2024 - 06:58:51 - 	at java.base/java.util.concurrent.FutureTask.run(FutureTask.java:264)
14.01.2024 - 06:58:51 - 	at java.base/java.util.concurrent.ScheduledThreadPoolExecutor$ScheduledFutureTask.run(ScheduledThreadPoolExecutor.java:304)
14.01.2024 - 06:58:51 - 	at java.base/java.util.concurrent.ThreadPoolExecutor.runWorker(ThreadPoolExecutor.java:1136)
14.01.2024 - 06:58:51 - 	at java.base/java.util.concurrent.ThreadPoolExecutor$Worker.run(ThreadPoolExecutor.java:635)
14.01.2024 - 06:58:51 - 	at java.base/java.lang.Thread.run(Thread.java:840)
14.01.2024 - 14:21:22 - [TAB v4.0.3] Player placeholder %animation:time% generated an error when setting for player nikysofi
14.01.2024 - 14:21:22 - java.lang.ArrayIndexOutOfBoundsException: Index -5 out of bounds for length 8
14.01.2024 - 14:21:22 - 	at TAB.v4.0.3 (4).jar//me.neznamy.tab.shared.placeholders.Animation.getMessage(Animation.java:90)
14.01.2024 - 14:21:22 - 	at TAB.v4.0.3 (4).jar//me.neznamy.tab.shared.placeholders.UniversalPlaceholderRegistry.lambda$registerPlaceholders$28(UniversalPlaceholderRegistry.java:73)
14.01.2024 - 14:21:22 - 	at TAB.v4.0.3 (4).jar//me.neznamy.tab.shared.placeholders.PlayerPlaceholderImpl.request(PlayerPlaceholderImpl.java:138)
14.01.2024 - 14:21:22 - 	at TAB.v4.0.3 (4).jar//me.neznamy.tab.shared.placeholders.PlayerPlaceholderImpl.update(PlayerPlaceholderImpl.java:57)
14.01.2024 - 14:21:22 - 	at TAB.v4.0.3 (4).jar//me.neznamy.tab.shared.features.PlaceholderManagerImpl.onJoin(PlaceholderManagerImpl.java:223)
14.01.2024 - 14:21:22 - 	at TAB.v4.0.3 (4).jar//me.neznamy.tab.shared.FeatureManager.onJoin(FeatureManager.java:135)
14.01.2024 - 14:21:22 - 	at TAB.v4.0.3 (4).jar//me.neznamy.tab.shared.platform.EventListener.lambda$join$0(EventListener.java:25)
14.01.2024 - 14:21:22 - 	at TAB.v4.0.3 (4).jar//me.neznamy.tab.shared.CpuManager.run(CpuManager.java:252)
14.01.2024 - 14:21:22 - 	at TAB.v4.0.3 (4).jar//me.neznamy.tab.shared.CpuManager.lambda$submit$1(CpuManager.java:105)
14.01.2024 - 14:21:22 - 	at java.base/java.util.concurrent.Executors$RunnableAdapter.call(Executors.java:539)
14.01.2024 - 14:21:22 - 	at java.base/java.util.concurrent.FutureTask.run(FutureTask.java:264)
14.01.2024 - 14:21:22 - 	at java.base/java.util.concurrent.ScheduledThreadPoolExecutor$ScheduledFutureTask.run(ScheduledThreadPoolExecutor.java:304)
14.01.2024 - 14:21:22 - 	at java.base/java.util.concurrent.ThreadPoolExecutor.runWorker(ThreadPoolExecutor.java:1136)
14.01.2024 - 14:21:22 - 	at java.base/java.util.concurrent.ThreadPoolExecutor$Worker.run(ThreadPoolExecutor.java:635)
14.01.2024 - 14:21:22 - 	at java.base/java.lang.Thread.run(Thread.java:840)
14.01.2024 - 14:23:53 - [TAB v4.0.3] Player placeholder %animation:time% generated an error when setting for player nikysofi
14.01.2024 - 14:23:53 - java.lang.ArrayIndexOutOfBoundsException: Index -5 out of bounds for length 8
14.01.2024 - 14:23:53 - 	at TAB.v4.0.3 (4).jar//me.neznamy.tab.shared.placeholders.Animation.getMessage(Animation.java:90)
14.01.2024 - 14:23:53 - 	at TAB.v4.0.3 (4).jar//me.neznamy.tab.shared.placeholders.UniversalPlaceholderRegistry.lambda$registerPlaceholders$28(UniversalPlaceholderRegistry.java:73)
14.01.2024 - 14:23:53 - 	at TAB.v4.0.3 (4).jar//me.neznamy.tab.shared.placeholders.PlayerPlaceholderImpl.request(PlayerPlaceholderImpl.java:138)
14.01.2024 - 14:23:53 - 	at TAB.v4.0.3 (4).jar//me.neznamy.tab.shared.placeholders.PlayerPlaceholderImpl.update(PlayerPlaceholderImpl.java:57)
14.01.2024 - 14:23:53 - 	at TAB.v4.0.3 (4).jar//me.neznamy.tab.shared.features.PlaceholderManagerImpl.onJoin(PlaceholderManagerImpl.java:223)
14.01.2024 - 14:23:53 - 	at TAB.v4.0.3 (4).jar//me.neznamy.tab.shared.FeatureManager.onJoin(FeatureManager.java:135)
14.01.2024 - 14:23:53 - 	at TAB.v4.0.3 (4).jar//me.neznamy.tab.shared.platform.EventListener.lambda$join$0(EventListener.java:25)
14.01.2024 - 14:23:53 - 	at TAB.v4.0.3 (4).jar//me.neznamy.tab.shared.CpuManager.run(CpuManager.java:252)
14.01.2024 - 14:23:53 - 	at TAB.v4.0.3 (4).jar//me.neznamy.tab.shared.CpuManager.lambda$submit$1(CpuManager.java:105)
14.01.2024 - 14:23:53 - 	at java.base/java.util.concurrent.Executors$RunnableAdapter.call(Executors.java:539)
14.01.2024 - 14:23:53 - 	at java.base/java.util.concurrent.FutureTask.run(FutureTask.java:264)
14.01.2024 - 14:23:53 - 	at java.base/java.util.concurrent.ScheduledThreadPoolExecutor$ScheduledFutureTask.run(ScheduledThreadPoolExecutor.java:304)
14.01.2024 - 14:23:53 - 	at java.base/java.util.concurrent.ThreadPoolExecutor.runWorker(ThreadPoolExecutor.java:1136)
14.01.2024 - 14:23:53 - 	at java.base/java.util.concurrent.ThreadPoolExecutor$Worker.run(ThreadPoolExecutor.java:635)
14.01.2024 - 14:23:53 - 	at java.base/java.lang.Thread.run(Thread.java:840)
