[04May2025 14:50:41.645] [main/INFO] [FabricLoader/GameProvider/]: Loading Minecraft 1.21.1 Arclight arclight-1.21.1-1.0.1-SNAPSHOT-bf5195f with Fabric Loader 0.16.10
mainEx[04May2025 14:50:41.647] [main/INFO] [FabricLoader/GameRemap/]: Fabric is preparing JARs on first launch, this may take a few seconds...
mainEx[04May2025 14:50:41.775] [main/INFO] [FabricLoader/]: Loading 43 mods:
	- arclight 1.0.1-SNAPSHOT+bf5195f
	   \-- fabric-permissions-api-v0 0.3.1
	- fabric-api 0.115.1+1.21.1
	   |-- fabric-api-base 0.4.42+6573ed8c19
	   |-- fabric-api-lookup-api-v1 1.6.70+b559734419
	   |-- fabric-biome-api-v1 13.0.31+d527f9fd19
	   |-- fabric-block-api-v1 1.0.22+0af3f5a719
	   |-- fabric-block-view-api-v2 1.0.10+6573ed8c19
	   |-- fabric-blockrenderlayer-v1 1.1.52+0af3f5a719
	   |-- fabric-client-tags-api-v1 1.1.15+6573ed8c19
	   |-- fabric-command-api-v1 1.2.49+f71b366f19
	   |-- fabric-command-api-v2 2.2.28+6ced4dd919
	   |-- fabric-commands-v0 0.2.66+df3654b319
	   |-- fabric-content-registries-v0 8.0.18+b559734419
	   |-- fabric-convention-tags-v1 2.1.3+7f945d5b19
	   |-- fabric-convention-tags-v2 2.10.0+9465b64419
	   |-- fabric-crash-report-info-v1 0.2.29+0af3f5a719
	   |-- fabric-data-attachment-api-v1 1.4.1+9ed317f519
	   |-- fabric-data-generation-api-v1 20.2.26+16c4ae2519
	   |-- fabric-dimensions-v1 4.0.0+6fc22b9919
	   |-- fabric-entity-events-v1 1.7.0+2122d82819
	   |-- fabric-events-interaction-v0 0.7.13+ba9dae0619
	   |-- fabric-game-rule-api-v1 1.0.53+6ced4dd919
	   |-- fabric-item-api-v1 11.1.1+d5debaed19
	   |-- fabric-item-group-api-v1 4.1.6+6823f7cd19
	   |-- fabric-key-binding-api-v1 1.0.47+0af3f5a719
	   |-- fabric-keybindings-v0 0.2.45+df3654b319
	   |-- fabric-lifecycle-events-v1 2.5.0+01d9a51c19
	   |-- fabric-loot-api-v2 3.0.15+3f89f5a519
	   |-- fabric-loot-api-v3 1.0.3+3f89f5a519
	   |-- fabric-message-api-v1 6.0.13+6573ed8c19
	   |-- fabric-model-loading-api-v1 2.0.0+fe474d6b19
	   |-- fabric-networking-api-v1 4.3.0+c7469b2119
	   |-- fabric-object-builder-api-v1 15.2.1+40875a9319
	   |-- fabric-particles-v1 4.0.2+6573ed8c19
	   |-- fabric-recipe-api-v1 5.0.14+248df81c19
	   |-- fabric-registry-sync-v0 5.2.0+34f5d91419
	   |-- fabric-renderer-api-v1 3.4.0+c705a49c19
	   |-- fabric-renderer-indigo 1.7.0+c705a49c19
	   |-- fabric-renderer-registries-v1 3.2.68+df3654b319
	   |-- fabric-rendering-data-attachment-v1 0.3.48+73761d2e19
	   |-- fabric-rendering-fluids-v1 3.1.6+1daea21519
	   |-- fabric-rendering-v0 1.1.71+df3654b319
	   |-- fabric-rendering-v1 5.0.5+df16efd019
	   |-- fabric-resource-conditions-api-v1 4.3.0+8dc279b119
	   |-- fabric-resource-loader-v0 1.3.1+5b5275af19
	   |-- fabric-screen-api-v1 2.0.25+8b68f1c719
	   |-- fabric-screen-handler-api-v1 1.3.88+b559734419
	   |-- fabric-sound-api-v1 1.0.23+6573ed8c19
	   |-- fabric-transfer-api-v1 5.4.2+c24bd99419
	   \-- fabric-transitive-access-wideners-v1 6.2.0+45b9699719
	- fabricloader 0.16.10
	   \-- mixinextras 0.4.1
	- java 21
	- minecraft 1.21.1
mainEx[04May2025 14:50:41.846] [main/INFO] [FabricLoader/Mixin/]: SpongePowered MIXIN Subsystem Version=0.8.7 Source=file:/workspaces/Earth/servidor_minecraft/libraries/net/fabricmc/sponge-mixin/0.15.4+mixin.0.8.7/sponge-mixin-0.15.4+mixin.0.8.7.jar Service=Knot/Fabric Env=SERVER
mainEx[04May2025 14:50:41.902] [main/INFO] [FabricLoader/Mixin/]: Compatibility level set to JAVA_21
mainEx[04May2025 14:50:42.313] [main/INFO] [Arclight/]: 正在使用 en_ 语言，en_us 作为备选语言
mainEx[04May2025 14:50:42.318] [main/INFO] [Arclight/]: 

       ___           ___     __   /\
      /   | ________/ (_)__ / /  / /
     / /| |/ __/ __/ / / _ / _ \/__/
    / ___ / / / /_/ / / / / // / /
   /_/  |/_/  \__/_/_/\_ /_//_/ /
                     /__/     \/

    运行版本 诸王 / arclight-1.21.1-1.0.1-SNAPSHOT-bf5195f
    构建日期 2025-05-01 14:37:46

mainEx[04May2025 14:50:43.577] [main/INFO] [FabricLoader/MixinExtras|Service/]: Initializing MixinExtras via com.llamalad7.mixinextras.service.MixinExtrasServiceImpl(version=0.4.1).
mainEx[04May2025 14:50:53.824] [main/INFO] [com.mojang.authlib.yggdrasil.YggdrasilAuthenticationService/]: Environment: Environment[sessionHost=https://sessionserver.mojang.com, servicesHost=https://api.minecraftservices.com, name=PROD]
mainEx[04May2025 14:50:54.699] [main/INFO] [net.minecraft.server.Main/]: No existing world data, creating new world
mainEx[04May2025 14:50:55.507] [main/INFO] [net.minecraft.class_1863/]: Loaded 1290 recipes
mainEx[04May2025 14:50:55.731] [main/INFO] [net.minecraft.class_163/]: Loaded 1399 advancements
mainEx[04May2025 14:50:56.219] [main/INFO] [net.fabricmc.fabric.impl.biome.modification.BiomeModificationImpl/]: Applied 0 biome modifications to 0 of 64 new biomes in 1.286 ms
mainEx[04May2025 14:50:56.227] [Server thread/INFO] [net.minecraft.class_3176/]: Starting minecraft server version 1.21.1
Server threadEx[04May2025 14:50:56.227] [Server thread/INFO] [net.minecraft.class_3176/]: Loading properties
Server threadEx[04May2025 14:50:56.227] [Server thread/INFO] [net.minecraft.class_3176/]: Default game type: SURVIVAL
Server threadEx[04May2025 14:50:56.227] [Server thread/INFO] [net.minecraft.server.MinecraftServer/]: Generating keypair
Server threadEx[04May2025 14:50:56.287] [Server thread/INFO] [net.minecraft.class_3176/]: Starting Minecraft server on *:25565
Server threadEx[04May2025 14:50:56.391] [Server thread/INFO] [net.minecraft.class_3242/]: Using epoll channel type
Server threadEx[04May2025 14:50:56.501] [Server thread/WARN] [net.minecraft.class_3176/]: **** SERVER IS RUNNING IN OFFLINE/INSECURE MODE!
Server threadEx[04May2025 14:50:56.501] [Server thread/WARN] [net.minecraft.class_3176/]: The server will make no attempt to authenticate usernames. Beware.
Server threadEx[04May2025 14:50:56.501] [Server thread/WARN] [net.minecraft.class_3176/]: While this makes the game possible to play without internet access, it also opens up the ability for hackers to connect with any username they choose.
Server threadEx[04May2025 14:50:56.501] [Server thread/WARN] [net.minecraft.class_3176/]: To change this, set "online-mode" to "true" in the server.properties file.
Server threadEx[04May2025 14:50:56.709] [Server thread/INFO] [Minecraft/]: This server is running Arclight version arclight-1.21.1-1.0.1-SNAPSHOT-bf5195f (MC: 1.21.1) (Implementing API version 1.21.1-R0.1-SNAPSHOT)
Server threadEx[04May2025 14:50:57.491] [Server thread/INFO] [Minecraft/]: *** This version of Spigot contains changes to some enums. If you notice that plugins no longer work after updating, please report this to the developers of those plugins first. ***
Server threadEx[04May2025 14:50:57.491] [Server thread/INFO] [Minecraft/]: *** If you cannot update those plugins, you can try setting `settings.compatibility.enum-compatibility-mode` to `true` in `bukkit.yml`. ***
Server threadEx[04May2025 14:50:57.574] [Server thread/INFO] [Arclight/]: 正在向 Bukkit 注册 ...
Server threadEx[04May2025 14:50:57.617] [Server thread/INFO] [Arclight/]: 注册了 0 个材料，其中 0 个方块 0 个物品
Server threadEx[04May2025 14:50:57.764] [Server thread/INFO] [Arclight/]: 注册了 0 个新的生物类型
Server threadEx[04May2025 14:50:57.765] [Server thread/INFO] [Arclight/]: 注册了 0 个新的生物群系
Server threadEx[04May2025 14:50:57.779] [Server thread/INFO] [net.minecraft.class_2983/]: [STDOUT]: Server Ping Player Sample Count: 12
Server threadEx[04May2025 14:50:57.781] [Server thread/INFO] [Minecraft/]: Using 4 threads for Netty based IO
Server threadEx[04May2025 14:50:57.782] [Server thread/INFO] [Minecraft/]: Debug logging is enabled
Server threadEx[04May2025 14:50:57.898] [Server thread/INFO] [net.minecraft.class_3176/]: Preparing level "world"
Server threadEx[04May2025 14:50:57.968] [Server thread/INFO] [Arclight/]: 注册了 0 个新的世界类型
Server threadEx[04May2025 14:50:58.351] [Server thread/INFO] [Minecraft/]: -------- World Settings For [world] --------
Server threadEx[04May2025 14:50:58.353] [Server thread/INFO] [Minecraft/]: Zombie Aggressive Towards Villager: true
Server threadEx[04May2025 14:50:58.360] [Server thread/INFO] [Minecraft/]: Experience Merge Radius: 3.0
Server threadEx[04May2025 14:50:58.360] [Server thread/INFO] [Minecraft/]: Mob Spawn Range: 6
Server threadEx[04May2025 14:50:58.361] [Server thread/INFO] [Minecraft/]: Arrow Despawn Rate: 1200 Trident Respawn Rate:1200
Server threadEx[04May2025 14:50:58.361] [Server thread/INFO] [Minecraft/]: Allow Zombie Pigmen to spawn from portal blocks: true
Server threadEx[04May2025 14:50:58.362] [Server thread/INFO] [Minecraft/]: Cactus Growth Modifier: 100%
Server threadEx[04May2025 14:50:58.362] [Server thread/INFO] [Minecraft/]: Cane Growth Modifier: 100%
Server threadEx[04May2025 14:50:58.363] [Server thread/INFO] [Minecraft/]: Melon Growth Modifier: 100%
Server threadEx[04May2025 14:50:58.363] [Server thread/INFO] [Minecraft/]: Mushroom Growth Modifier: 100%
Server threadEx[04May2025 14:50:58.363] [Server thread/INFO] [Minecraft/]: Pumpkin Growth Modifier: 100%
Server threadEx[04May2025 14:50:58.363] [Server thread/INFO] [Minecraft/]: Sapling Growth Modifier: 100%
Server threadEx[04May2025 14:50:58.363] [Server thread/INFO] [Minecraft/]: Beetroot Growth Modifier: 100%
Server threadEx[04May2025 14:50:58.364] [Server thread/INFO] [Minecraft/]: Carrot Growth Modifier: 100%
Server threadEx[04May2025 14:50:58.364] [Server thread/INFO] [Minecraft/]: Potato Growth Modifier: 100%
Server threadEx[04May2025 14:50:58.364] [Server thread/INFO] [Minecraft/]: Wheat Growth Modifier: 100%
Server threadEx[04May2025 14:50:58.364] [Server thread/INFO] [Minecraft/]: NetherWart Growth Modifier: 100%
Server threadEx[04May2025 14:50:58.364] [Server thread/INFO] [Minecraft/]: Vine Growth Modifier: 100%
Server threadEx[04May2025 14:50:58.364] [Server thread/INFO] [Minecraft/]: Cocoa Growth Modifier: 100%
Server threadEx[04May2025 14:50:58.364] [Server thread/INFO] [Minecraft/]: Bamboo Growth Modifier: 100%
Server threadEx[04May2025 14:50:58.364] [Server thread/INFO] [Minecraft/]: SweetBerry Growth Modifier: 100%
Server threadEx[04May2025 14:50:58.364] [Server thread/INFO] [Minecraft/]: Kelp Growth Modifier: 100%
Server threadEx[04May2025 14:50:58.364] [Server thread/INFO] [Minecraft/]: TwistingVines Growth Modifier: 100%
Server threadEx[04May2025 14:50:58.364] [Server thread/INFO] [Minecraft/]: WeepingVines Growth Modifier: 100%
Server threadEx[04May2025 14:50:58.364] [Server thread/INFO] [Minecraft/]: CaveVines Growth Modifier: 100%
Server threadEx[04May2025 14:50:58.377] [Server thread/INFO] [Minecraft/]: Entity Activation Range: An 32 / Mo 32 / Ra 48 / Mi 16 / Tiv true / Isa false
Server threadEx[04May2025 14:50:58.377] [Server thread/INFO] [Minecraft/]: Entity Tracking Range: Pl 48 / An 48 / Mo 48 / Mi 32 / Di 128 / Other 64
Server threadEx[04May2025 14:50:58.382] [Server thread/INFO] [Minecraft/]: Hopper Transfer: 8 Hopper Check: 1 Hopper Amount: 1 Hopper Can Load Chunks: false
Server threadEx[04May2025 14:50:58.392] [Server thread/INFO] [Minecraft/]: Custom Map Seeds:  Village: 10387312 Desert: 14357617 Igloo: 14357618 Jungle: 14357619 Swamp: 14357620 Monument: 10387313 Ocean: 14357621 Shipwreck: 165745295 End City: 10387313 Slime: 987234911 Nether: 30084232 Mansion: 10387319 Fossil: 14357921 Portal: 34222645
Server threadEx[04May2025 14:50:58.398] [Server thread/INFO] [Minecraft/]: Max TNT Explosions: 100
Server threadEx[04May2025 14:50:58.398] [Server thread/INFO] [Minecraft/]: Tile Max Tick Time: 50ms Entity max Tick Time: 50ms
Server threadEx[04May2025 14:50:58.398] [Server thread/INFO] [Minecraft/]: View Distance: 10
Server threadEx[04May2025 14:50:58.398] [Server thread/INFO] [Minecraft/]: Item Merge Radius: 2.5
Server threadEx[04May2025 14:50:58.398] [Server thread/INFO] [Minecraft/]: Item Despawn Rate: 6000
Server threadEx[04May2025 14:50:58.398] [Server thread/INFO] [Minecraft/]: Nerfing mobs spawned from spawners: false
Server threadEx[04May2025 14:50:58.398] [Server thread/INFO] [Minecraft/]: Simulation Distance: 10
Server threadEx[04May2025 14:51:03.573] [Server thread/INFO] [Minecraft/]: -------- World Settings For [world/DIM1] --------
Server threadEx[04May2025 14:51:03.573] [Server thread/INFO] [Minecraft/]: Zombie Aggressive Towards Villager: true
Server threadEx[04May2025 14:51:03.573] [Server thread/INFO] [Minecraft/]: Experience Merge Radius: 3.0
Server threadEx[04May2025 14:51:03.573] [Server thread/INFO] [Minecraft/]: Mob Spawn Range: 6
Server threadEx[04May2025 14:51:03.573] [Server thread/INFO] [Minecraft/]: Arrow Despawn Rate: 1200 Trident Respawn Rate:1200
Server threadEx[04May2025 14:51:03.573] [Server thread/INFO] [Minecraft/]: Allow Zombie Pigmen to spawn from portal blocks: true
Server threadEx[04May2025 14:51:03.573] [Server thread/INFO] [Minecraft/]: Cactus Growth Modifier: 100%
Server threadEx[04May2025 14:51:03.573] [Server thread/INFO] [Minecraft/]: Cane Growth Modifier: 100%
Server threadEx[04May2025 14:51:03.573] [Server thread/INFO] [Minecraft/]: Melon Growth Modifier: 100%
Server threadEx[04May2025 14:51:03.573] [Server thread/INFO] [Minecraft/]: Mushroom Growth Modifier: 100%
Server threadEx[04May2025 14:51:03.573] [Server thread/INFO] [Minecraft/]: Pumpkin Growth Modifier: 100%
Server threadEx[04May2025 14:51:03.573] [Server thread/INFO] [Minecraft/]: Sapling Growth Modifier: 100%
Server threadEx[04May2025 14:51:03.573] [Server thread/INFO] [Minecraft/]: Beetroot Growth Modifier: 100%
Server threadEx[04May2025 14:51:03.573] [Server thread/INFO] [Minecraft/]: Carrot Growth Modifier: 100%
Server threadEx[04May2025 14:51:03.573] [Server thread/INFO] [Minecraft/]: Potato Growth Modifier: 100%
Server threadEx[04May2025 14:51:03.573] [Server thread/INFO] [Minecraft/]: Wheat Growth Modifier: 100%
Server threadEx[04May2025 14:51:03.574] [Server thread/INFO] [Minecraft/]: NetherWart Growth Modifier: 100%
Server threadEx[04May2025 14:51:03.574] [Server thread/INFO] [Minecraft/]: Vine Growth Modifier: 100%
Server threadEx[04May2025 14:51:03.574] [Server thread/INFO] [Minecraft/]: Cocoa Growth Modifier: 100%
Server threadEx[04May2025 14:51:03.574] [Server thread/INFO] [Minecraft/]: Bamboo Growth Modifier: 100%
Server threadEx[04May2025 14:51:03.574] [Server thread/INFO] [Minecraft/]: SweetBerry Growth Modifier: 100%
Server threadEx[04May2025 14:51:03.574] [Server thread/INFO] [Minecraft/]: Kelp Growth Modifier: 100%
Server threadEx[04May2025 14:51:03.574] [Server thread/INFO] [Minecraft/]: TwistingVines Growth Modifier: 100%
Server threadEx[04May2025 14:51:03.574] [Server thread/INFO] [Minecraft/]: WeepingVines Growth Modifier: 100%
Server threadEx[04May2025 14:51:03.574] [Server thread/INFO] [Minecraft/]: CaveVines Growth Modifier: 100%
Server threadEx[04May2025 14:51:03.574] [Server thread/INFO] [Minecraft/]: Entity Activation Range: An 32 / Mo 32 / Ra 48 / Mi 16 / Tiv true / Isa false
Server threadEx[04May2025 14:51:03.574] [Server thread/INFO] [Minecraft/]: Entity Tracking Range: Pl 48 / An 48 / Mo 48 / Mi 32 / Di 128 / Other 64
Server threadEx[04May2025 14:51:03.574] [Server thread/INFO] [Minecraft/]: Hopper Transfer: 8 Hopper Check: 1 Hopper Amount: 1 Hopper Can Load Chunks: false
Server threadEx[04May2025 14:51:03.574] [Server thread/INFO] [Minecraft/]: Custom Map Seeds:  Village: 10387312 Desert: 14357617 Igloo: 14357618 Jungle: 14357619 Swamp: 14357620 Monument: 10387313 Ocean: 14357621 Shipwreck: 165745295 End City: 10387313 Slime: 987234911 Nether: 30084232 Mansion: 10387319 Fossil: 14357921 Portal: 34222645
Server threadEx[04May2025 14:51:03.575] [Server thread/INFO] [Minecraft/]: Max TNT Explosions: 100
Server threadEx[04May2025 14:51:03.575] [Server thread/INFO] [Minecraft/]: Tile Max Tick Time: 50ms Entity max Tick Time: 50ms
Server threadEx[04May2025 14:51:03.575] [Server thread/INFO] [Minecraft/]: View Distance: 10
Server threadEx[04May2025 14:51:03.575] [Server thread/INFO] [Minecraft/]: Item Merge Radius: 2.5
Server threadEx[04May2025 14:51:03.575] [Server thread/INFO] [Minecraft/]: Item Despawn Rate: 6000
Server threadEx[04May2025 14:51:03.575] [Server thread/INFO] [Minecraft/]: Nerfing mobs spawned from spawners: false
Server threadEx[04May2025 14:51:03.575] [Server thread/INFO] [Minecraft/]: Simulation Distance: 10
Server threadEx[04May2025 14:51:03.596] [Server thread/INFO] [Minecraft/]: -------- World Settings For [world/DIM-1] --------
Server threadEx[04May2025 14:51:03.596] [Server thread/INFO] [Minecraft/]: Zombie Aggressive Towards Villager: true
Server threadEx[04May2025 14:51:03.596] [Server thread/INFO] [Minecraft/]: Experience Merge Radius: 3.0
Server threadEx[04May2025 14:51:03.596] [Server thread/INFO] [Minecraft/]: Mob Spawn Range: 6
Server threadEx[04May2025 14:51:03.596] [Server thread/INFO] [Minecraft/]: Arrow Despawn Rate: 1200 Trident Respawn Rate:1200
Server threadEx[04May2025 14:51:03.596] [Server thread/INFO] [Minecraft/]: Allow Zombie Pigmen to spawn from portal blocks: true
Server threadEx[04May2025 14:51:03.596] [Server thread/INFO] [Minecraft/]: Cactus Growth Modifier: 100%
Server threadEx[04May2025 14:51:03.596] [Server thread/INFO] [Minecraft/]: Cane Growth Modifier: 100%
Server threadEx[04May2025 14:51:03.596] [Server thread/INFO] [Minecraft/]: Melon Growth Modifier: 100%
Server threadEx[04May2025 14:51:03.596] [Server thread/INFO] [Minecraft/]: Mushroom Growth Modifier: 100%
Server threadEx[04May2025 14:51:03.596] [Server thread/INFO] [Minecraft/]: Pumpkin Growth Modifier: 100%
Server threadEx[04May2025 14:51:03.596] [Server thread/INFO] [Minecraft/]: Sapling Growth Modifier: 100%
Server threadEx[04May2025 14:51:03.596] [Server thread/INFO] [Minecraft/]: Beetroot Growth Modifier: 100%
Server threadEx[04May2025 14:51:03.596] [Server thread/INFO] [Minecraft/]: Carrot Growth Modifier: 100%
Server threadEx[04May2025 14:51:03.596] [Server thread/INFO] [Minecraft/]: Potato Growth Modifier: 100%
Server threadEx[04May2025 14:51:03.596] [Server thread/INFO] [Minecraft/]: Wheat Growth Modifier: 100%
Server threadEx[04May2025 14:51:03.596] [Server thread/INFO] [Minecraft/]: NetherWart Growth Modifier: 100%
Server threadEx[04May2025 14:51:03.596] [Server thread/INFO] [Minecraft/]: Vine Growth Modifier: 100%
Server threadEx[04May2025 14:51:03.596] [Server thread/INFO] [Minecraft/]: Cocoa Growth Modifier: 100%
Server threadEx[04May2025 14:51:03.596] [Server thread/INFO] [Minecraft/]: Bamboo Growth Modifier: 100%
Server threadEx[04May2025 14:51:03.596] [Server thread/INFO] [Minecraft/]: SweetBerry Growth Modifier: 100%
Server threadEx[04May2025 14:51:03.596] [Server thread/INFO] [Minecraft/]: Kelp Growth Modifier: 100%
Server threadEx[04May2025 14:51:03.597] [Server thread/INFO] [Minecraft/]: TwistingVines Growth Modifier: 100%
Server threadEx[04May2025 14:51:03.597] [Server thread/INFO] [Minecraft/]: WeepingVines Growth Modifier: 100%
Server threadEx[04May2025 14:51:03.597] [Server thread/INFO] [Minecraft/]: CaveVines Growth Modifier: 100%
Server threadEx[04May2025 14:51:03.597] [Server thread/INFO] [Minecraft/]: Entity Activation Range: An 32 / Mo 32 / Ra 48 / Mi 16 / Tiv true / Isa false
Server threadEx[04May2025 14:51:03.597] [Server thread/INFO] [Minecraft/]: Entity Tracking Range: Pl 48 / An 48 / Mo 48 / Mi 32 / Di 128 / Other 64
Server threadEx[04May2025 14:51:03.597] [Server thread/INFO] [Minecraft/]: Hopper Transfer: 8 Hopper Check: 1 Hopper Amount: 1 Hopper Can Load Chunks: false
Server threadEx[04May2025 14:51:03.597] [Server thread/INFO] [Minecraft/]: Custom Map Seeds:  Village: 10387312 Desert: 14357617 Igloo: 14357618 Jungle: 14357619 Swamp: 14357620 Monument: 10387313 Ocean: 14357621 Shipwreck: 165745295 End City: 10387313 Slime: 987234911 Nether: 30084232 Mansion: 10387319 Fossil: 14357921 Portal: 34222645
Server threadEx[04May2025 14:51:03.597] [Server thread/INFO] [Minecraft/]: Max TNT Explosions: 100
Server threadEx[04May2025 14:51:03.597] [Server thread/INFO] [Minecraft/]: Tile Max Tick Time: 50ms Entity max Tick Time: 50ms
Server threadEx[04May2025 14:51:03.597] [Server thread/INFO] [Minecraft/]: View Distance: 10
Server threadEx[04May2025 14:51:03.597] [Server thread/INFO] [Minecraft/]: Item Merge Radius: 2.5
Server threadEx[04May2025 14:51:03.597] [Server thread/INFO] [Minecraft/]: Item Despawn Rate: 6000
Server threadEx[04May2025 14:51:03.597] [Server thread/INFO] [Minecraft/]: Nerfing mobs spawned from spawners: false
Server threadEx[04May2025 14:51:03.597] [Server thread/INFO] [Minecraft/]: Simulation Distance: 10
Server threadEx[04May2025 14:51:03.628] [Server thread/INFO] [net.minecraft.server.MinecraftServer/]: Preparing start region for dimension minecraft:overworld
Server threadEx[04May2025 14:51:03.711] [Worker-Main-1/INFO] [net.minecraft.class_3951/]: Preparing spawn area: 2%
Worker-Main-1Ex[04May2025 14:51:04.165] [Worker-Main-3/INFO] [net.minecraft.class_3951/]: Preparing spawn area: 2%
Worker-Main-3Ex[04May2025 14:51:04.640] [Worker-Main-2/INFO] [net.minecraft.class_3951/]: Preparing spawn area: 2%
Worker-Main-2Ex[04May2025 14:51:05.144] [Worker-Main-3/INFO] [net.minecraft.class_3951/]: Preparing spawn area: 2%
Worker-Main-3Ex[04May2025 14:51:06.147] [Worker-Main-2/INFO] [net.minecraft.class_3951/]: Preparing spawn area: 18%
Worker-Main-2Ex[04May2025 14:51:06.147] [Worker-Main-2/INFO] [net.minecraft.class_3951/]: Preparing spawn area: 18%
Worker-Main-2Ex[04May2025 14:51:06.631] [Worker-Main-1/INFO] [net.minecraft.class_3951/]: Preparing spawn area: 18%
Worker-Main-1Ex[04May2025 14:51:07.131] [Worker-Main-3/INFO] [net.minecraft.class_3951/]: Preparing spawn area: 26%
Worker-Main-3Ex[04May2025 14:51:07.671] [Worker-Main-3/INFO] [net.minecraft.class_3951/]: Preparing spawn area: 51%
Worker-Main-3Ex[04May2025 14:51:08.175] [Worker-Main-1/INFO] [net.minecraft.class_3951/]: Preparing spawn area: 51%
Worker-Main-1Ex[04May2025 14:51:08.641] [Worker-Main-1/INFO] [net.minecraft.class_3951/]: Preparing spawn area: 75%
Worker-Main-1Ex[04May2025 14:51:08.762] [Server thread/INFO] [net.minecraft.class_3951/]: Time elapsed: 5133 ms
Server threadEx[04May2025 14:51:08.762] [Server thread/INFO] [net.minecraft.class_3176/]: Done (10.865s)! For help, type "help"
Server threadEx